[INFO ]2023-07-26 23:57:03.365 [main]LoggerLoad-----Reading TestData from Excel----
[INFO ]2023-07-26 23:57:08.778 [main]LoggerLoad-----Programpost----
[INFO ]2023-07-26 23:57:08.781 [main]LoggerLoad-***user sends the post  request****
[INFO ]2023-07-26 23:57:08.911 [main]LoggerLoad-***Sending the GetAllProgram Given code***https://lms-api-hackathon-june2023-930a8b0f895d.herokuapp.com/lms/programs/
[INFO ]2023-07-26 23:57:09.145 [main]LoggerLoad-----get Program by Id----
[INFO ]2023-07-26 23:57:09.146 [main]LoggerLoad-***user sends the get request by sending the program id***
[INFO ]2023-07-26 23:57:09.194 [main]LoggerLoad-******given with the baseurl and endpoint for update program status with programid*******
[INFO ]2023-07-26 23:57:09.196 [main]LoggerLoad-----Reading TestData from Excel----
[INFO ]2023-07-26 23:57:09.439 [main]LoggerLoad-----Update Program by ID----
[INFO ]2023-07-26 23:57:09.440 [main]LoggerLoad-****************successfully updated with program name*********************
[INFO ]2023-07-26 23:57:09.484 [main]LoggerLoad-**********Given baseurl and endpoint for update program with name*********
[INFO ]2023-07-26 23:57:09.486 [main]LoggerLoad-----Reading TestData from Excel----
[INFO ]2023-07-26 23:57:09.715 [main]LoggerLoad-----Update Program by Name----
[INFO ]2023-07-26 23:57:09.715 [main]LoggerLoad-****************successfully updated with program name*********************
[INFO ]2023-07-26 23:57:09.763 [main]LoggerLoad-----Reading TestData from Excel----
[INFO ]2023-07-26 23:57:10.008 [main]LoggerLoad-----Save Batch----
[INFO ]2023-07-26 23:57:10.077 [main]LoggerLoad-----Reading TestData from Excel----
[INFO ]2023-07-26 23:57:10.745 [main]LoggerLoad----Create user----
[INFO ]2023-07-26 23:57:10.981 [main]LoggerLoad----Create user----
[INFO ]2023-07-26 23:57:11.205 [main]LoggerLoad----Create user----
[INFO ]2023-07-26 23:57:11.398 [main]LoggerLoad-----Reading TestData from Excel----
[INFO ]2023-07-26 23:57:11.781 [main]LoggerLoad-*********https://lms-api-hackathon-june2023-930a8b0f895d.herokuapp.com/lms/users/users/
[INFO ]2023-07-26 23:57:11.998 [main]LoggerLoad-----UpdateUser----
[INFO ]2023-07-26 23:57:12.190 [main]LoggerLoad-----UpdateUser----
[INFO ]2023-07-26 23:57:12.373 [main]LoggerLoad-----UpdateUser----
[INFO ]2023-07-26 23:57:12.374 [main]LoggerLoad-****user got by userid*****
[INFO ]2023-07-26 23:57:12.417 [main]LoggerLoad-----Reading TestData from Excel----
[INFO ]2023-07-26 23:57:12.738 [main]LoggerLoad-----Create Assignment----
[INFO ]2023-07-26 23:57:12.793 [main]LoggerLoad-----Reading TestData from Excel----
[INFO ]2023-07-26 23:57:13.077 [main]LoggerLoad-----Save AssignmentSubmission----
[INFO ]2023-07-26 23:57:13.120 [main]LoggerLoad-***Sending the GET StudentID Given code***https://lms-api-hackathon-june2023-930a8b0f895d.herokuapp.com/lms/assignmentsubmission/student/
[INFO ]2023-07-26 23:57:13.329 [main]LoggerLoad-----get AssignmentSubmission Grade AssignmentId----
[INFO ]2023-07-26 23:57:13.329 [main]LoggerLoad-***user sends the GET StudentID request****
[INFO ]2023-07-26 23:57:13.355 [main]LoggerLoad-***Sending the GET BatchID Given code***https://lms-api-hackathon-june2023-930a8b0f895d.herokuapp.com/lms/assignmentsubmission/studentbatch/
[INFO ]2023-07-26 23:57:13.567 [main]LoggerLoad-----get AssignmentSubmission BatchId----
[INFO ]2023-07-26 23:57:13.567 [main]LoggerLoad-***user sends the GET BatchID request****
[INFO ]2023-07-26 23:57:13.593 [main]LoggerLoad-***Sending the GradeValidAssignment Given code***https://lms-api-hackathon-june2023-930a8b0f895d.herokuapp.com/lms/assignmentsubmission/getGrades/
[INFO ]2023-07-26 23:57:13.761 [main]LoggerLoad-----get AssignmentSubmission Grade AssignmentId----
[INFO ]2023-07-26 23:57:13.762 [main]LoggerLoad-***user sends the get gradeassignmentID request****
[INFO ]2023-07-26 23:57:13.796 [main]LoggerLoad-----Reading TestData from Excel----
[INFO ]2023-07-26 23:57:14.013 [main]LoggerLoad-----Update AssignmentSubmission----
[INFO ]2023-07-26 23:57:14.057 [main]LoggerLoad-----Reading TestData from Excel----
[INFO ]2023-07-26 23:57:14.241 [main]LoggerLoad-----Re-AssignmentSubmission----
[INFO ]2023-07-26 23:57:14.266 [main]LoggerLoad-***Sending the GradeStudentID Given code***https://lms-api-hackathon-june2023-930a8b0f895d.herokuapp.com/lms/assignmentsubmission/getGradesByStudentId/
[INFO ]2023-07-26 23:57:14.431 [main]LoggerLoad-----get AssignmentSubmission by gradeStudentId----
[INFO ]2023-07-26 23:57:14.431 [main]LoggerLoad-***user sends the get GradeStudentID request****
[INFO ]2023-07-26 23:57:14.453 [main]LoggerLoad-***Sending the GradeBatchID Given code***https://lms-api-hackathon-june2023-930a8b0f895d.herokuapp.com/lms/assignmentsubmission/grades/
[INFO ]2023-07-26 23:57:14.628 [main]LoggerLoad-----get AssignmentSubmission by gradeBatchId----
[INFO ]2023-07-26 23:57:14.629 [main]LoggerLoad-***user sends the get GradeBatchID request****
[INFO ]2023-07-26 23:57:14.644 [main]LoggerLoad-***Sending the GET StudentID Given code***https://lms-api-hackathon-june2023-930a8b0f895d.herokuapp.com/lms/assignmentsubmission/student/
[INFO ]2023-07-26 23:57:14.647 [main]LoggerLoad-----Reading TestData from Excel----
[INFO ]2023-07-26 23:57:14.963 [main]LoggerLoad-----get AssignmentSubmission by InvalidStudentId----
[INFO ]2023-07-26 23:57:14.963 [main]LoggerLoad-***user sends the GET StudentID request****
[INFO ]2023-07-26 23:57:14.997 [main]LoggerLoad-***Sending the GET BatchID Given code***https://lms-api-hackathon-june2023-930a8b0f895d.herokuapp.com/lms/assignmentsubmission/studentbatch/
[INFO ]2023-07-26 23:57:14.998 [main]LoggerLoad-----Reading TestData from Excel----
[INFO ]2023-07-26 23:57:15.240 [main]LoggerLoad-----get AssignmentSubmission by InvalidBatchId----
[INFO ]2023-07-26 23:57:15.241 [main]LoggerLoad-***user sends the GET BatchID request****
[INFO ]2023-07-26 23:57:15.277 [main]LoggerLoad-***Sending the GradeValidAssignment Given code***https://lms-api-hackathon-june2023-930a8b0f895d.herokuapp.com/lms/assignmentsubmission/getGrades/
[INFO ]2023-07-26 23:57:15.278 [main]LoggerLoad-----Reading TestData from Excel----
[INFO ]2023-07-26 23:57:15.492 [main]LoggerLoad-----get AssignmentSubmission by InvalidSubmissionId----
[INFO ]2023-07-26 23:57:15.493 [main]LoggerLoad-***user sends the get InvalidgradeassignmentID request****
[INFO ]2023-07-26 23:57:15.534 [main]LoggerLoad-***Sending the GradeStudentID Given code***https://lms-api-hackathon-june2023-930a8b0f895d.herokuapp.com/lms/assignmentsubmission/getGradesByStudentId/
[INFO ]2023-07-26 23:57:15.535 [main]LoggerLoad-----Reading TestData from Excel----
[INFO ]2023-07-26 23:57:15.735 [main]LoggerLoad-----get AssignmentSubmission by InvalidgradeStudentId----
[INFO ]2023-07-26 23:57:15.736 [main]LoggerLoad-***user sends the get InvalidGradeStudentID request****
[INFO ]2023-07-26 23:57:15.763 [main]LoggerLoad-***Sending the GradeBatchID Given code***https://lms-api-hackathon-june2023-930a8b0f895d.herokuapp.com/lms/assignmentsubmission/grades/
[INFO ]2023-07-26 23:57:15.764 [main]LoggerLoad-----Reading TestData from Excel----
[INFO ]2023-07-26 23:57:15.973 [main]LoggerLoad-----get AssignmentSubmission by InvalidgradeBatchId----
[INFO ]2023-07-26 23:57:15.973 [main]LoggerLoad-***user sends the get InvalidGradeBatchID request****
[INFO ]2023-07-26 23:57:15.997 [main]LoggerLoad-----Reading TestData from Excel----
[INFO ]2023-07-26 23:57:16.228 [main]LoggerLoad-----Invalid SubmissionPost----
[INFO ]2023-07-26 23:57:16.263 [main]LoggerLoad-----Reading TestData from Excel----
[INFO ]2023-07-26 23:57:16.587 [main]LoggerLoad-----Re-AssignmentSubmission----
[INFO ]2023-07-26 23:57:16.619 [main]LoggerLoad-----Delete AssignmentSubmission----
[INFO ]2023-07-26 23:57:16.818 [main]LoggerLoad-----Delete Assignment----
[INFO ]2023-07-26 23:57:17.195 [main]LoggerLoad-----Delete User----
[INFO ]2023-07-26 23:57:17.367 [main]LoggerLoad-----Delete User----
[INFO ]2023-07-26 23:57:17.649 [main]LoggerLoad-----Delete User----
[INFO ]2023-07-26 23:57:17.688 [main]LoggerLoad-----Delete Batch----
[INFO ]2023-07-26 23:57:17.901 [main]LoggerLoad-----Delete Program----
[INFO ]2023-07-26 23:57:18.112 [main]LoggerLoad-----Delete AssignmentSubmission----
[INFO ]2023-07-26 23:57:18.313 [main]LoggerLoad-----Delete Assignment----
[INFO ]2023-07-26 23:57:18.688 [main]LoggerLoad-----Delete User----
[INFO ]2023-07-26 23:57:18.848 [main]LoggerLoad-----Delete User----
[INFO ]2023-07-26 23:57:19.005 [main]LoggerLoad-----Delete User----
[INFO ]2023-07-26 23:57:19.035 [main]LoggerLoad-----Delete Batch----
[INFO ]2023-07-26 23:57:19.231 [main]LoggerLoad-----Delete Program----
